# ******************************************************
# PLUTO 4.2 Grid File
# Generated on  Sun Aug 12 05:05:56 2018
# 
# DIMENSIONS: 2
# GEOMETRY:   SPHERICAL
# X1: [ 1.500000,  10000.000000], 400 point(s), 4 ghosts
# X2: [ 0.040000,  3.100000], 200 point(s), 4 ghosts
# ******************************************************
400 
 1   1.500000000000e+00    1.533384365725e+00
 2   1.533384365725e+00    1.567511742034e+00
 3   1.567511742034e+00    1.602398665550e+00
 4   1.602398665550e+00    1.638062040942e+00
 5   1.638062040942e+00    1.674519149113e+00
 6   1.674519149113e+00    1.711787655571e+00
 7   1.711787655571e+00    1.749885618996e+00
 8   1.749885618996e+00    1.788831499984e+00
 9   1.788831499984e+00    1.828644169995e+00
 10   1.828644169995e+00    1.869342920497e+00
 11   1.869342920497e+00    1.910947472313e+00
 12   1.910947472313e+00    1.953477985178e+00
 13   1.953477985178e+00    1.996955067507e+00
 14   1.996955067507e+00    2.041399786380e+00
 15   2.041399786380e+00    2.086833677754e+00
 16   2.086833677754e+00    2.133278756891e+00
 17   2.133278756891e+00    2.180757529034e+00
 18   2.180757529034e+00    2.229293000305e+00
 19   2.229293000305e+00    2.278908688859e+00
 20   2.278908688859e+00    2.329628636275e+00
 21   2.329628636275e+00    2.381477419206e+00
 22   2.381477419206e+00    2.434480161292e+00
 23   2.434480161292e+00    2.488662545329e+00
 24   2.488662545329e+00    2.544050825716e+00
 25   2.544050825716e+00    2.600671841176e+00
 26   2.600671841176e+00    2.658553027760e+00
 27   2.658553027760e+00    2.717722432146e+00
 28   2.717722432146e+00    2.778208725222e+00
 29   2.778208725222e+00    2.840041215985e+00
 30   2.840041215985e+00    2.903249865738e+00
 31   2.903249865738e+00    2.967865302611e+00
 32   2.967865302611e+00    3.033918836401e+00
 33   3.033918836401e+00    3.101442473745e+00
 34   3.101442473745e+00    3.170468933624e+00
 35   3.170468933624e+00    3.241031663225e+00
 36   3.241031663225e+00    3.313164854140e+00
 37   3.313164854140e+00    3.386903458939e+00
 38   3.386903458939e+00    3.462283208105e+00
 39   3.462283208105e+00    3.539340627347e+00
 40   3.539340627347e+00    3.618113055300e+00
 41   3.618113055300e+00    3.698638661616e+00
 42   3.698638661616e+00    3.780956465459e+00
 43   3.780956465459e+00    3.865106354415e+00
 44   3.865106354415e+00    3.951129103817e+00
 45   3.951129103817e+00    4.039066396504e+00
 46   4.039066396504e+00    4.128960843017e+00
 47   4.128960843017e+00    4.220856002249e+00
 48   4.220856002249e+00    4.314796402551e+00
 49   4.314796402551e+00    4.410827563306e+00
 50   4.410827563306e+00    4.508996016989e+00
 51   4.508996016989e+00    4.609349331712e+00
 52   4.609349331712e+00    4.711936134276e+00
 53   4.711936134276e+00    4.816806133729e+00
 54   4.816806133729e+00    4.924010145460e+00
 55   4.924010145460e+00    5.033600115814e+00
 56   5.033600115814e+00    5.145629147268e+00
 57   5.145629147268e+00    5.260151524161e+00
 58   5.260151524161e+00    5.377222738996e+00
 59   5.377222738996e+00    5.496899519332e+00
 60   5.496899519332e+00    5.619239855271e+00
 61   5.619239855271e+00    5.744303027555e+00
 62   5.744303027555e+00    5.872149636295e+00
 63   5.872149636295e+00    6.002841630329e+00
 64   6.002841630329e+00    6.136442337247e+00
 65   6.136442337247e+00    6.273016494073e+00
 66   6.273016494073e+00    6.412630278632e+00
 67   6.412630278632e+00    6.555351341621e+00
 68   6.555351341621e+00    6.701248839385e+00
 69   6.701248839385e+00    6.850393467431e+00
 70   6.850393467431e+00    7.002857494684e+00
 71   7.002857494684e+00    7.158714798500e+00
 72   7.158714798500e+00    7.318040900470e+00
 73   7.318040900470e+00    7.480913003013e+00
 74   7.480913003013e+00    7.647410026780e+00
 75   7.647410026780e+00    7.817612648904e+00
 76   7.817612648904e+00    7.991603342083e+00
 77   7.991603342083e+00    8.169466414552e+00
 78   8.169466414552e+00    8.351288050928e+00
 79   8.351288050928e+00    8.537156353974e+00
 80   8.537156353974e+00    8.727161387290e+00
 81   8.727161387290e+00    8.921395218955e+00
 82   8.921395218955e+00    9.119951966134e+00
 83   9.119951966134e+00    9.322927840690e+00
 84   9.322927840690e+00    9.530421195799e+00
 85   9.530421195799e+00    9.742532573610e+00
 86   9.742532573610e+00    9.959364753962e+00
 87   9.959364753962e+00    1.018102280419e+01
 88   1.018102280419e+01    1.040761413002e+01
 89   1.040761413002e+01    1.063924852765e+01
 90   1.063924852765e+01    1.087603823691e+01
 91   1.087603823691e+01    1.111809799567e+01
 92   1.111809799567e+01    1.136554509544e+01
 93   1.136554509544e+01    1.161849943820e+01
 94   1.161849943820e+01    1.187708359448e+01
 95   1.187708359448e+01    1.214142286279e+01
 96   1.214142286279e+01    1.241164533031e+01
 97   1.241164533031e+01    1.268788193495e+01
 98   1.268788193495e+01    1.297026652881e+01
 99   1.297026652881e+01    1.325893594305e+01
 100   1.325893594305e+01    1.355403005415e+01
 101   1.355403005415e+01    1.385569185173e+01
 102   1.385569185173e+01    1.416406750784e+01
 103   1.416406750784e+01    1.447930644773e+01
 104   1.447930644773e+01    1.480156142233e+01
 105   1.480156142233e+01    1.513098858221e+01
 106   1.513098858221e+01    1.546774755329e+01
 107   1.546774755329e+01    1.581200151413e+01
 108   1.581200151413e+01    1.616391727506e+01
 109   1.616391727506e+01    1.652366535897e+01
 110   1.652366535897e+01    1.689142008395e+01
 111   1.689142008395e+01    1.726735964775e+01
 112   1.726735964775e+01    1.765166621414e+01
 113   1.765166621414e+01    1.804452600118e+01
 114   1.804452600118e+01    1.844612937142e+01
 115   1.844612937142e+01    1.885667092419e+01
 116   1.885667092419e+01    1.927634958985e+01
 117   1.927634958985e+01    1.970536872622e+01
 118   1.970536872622e+01    2.014393621709e+01
 119   2.014393621709e+01    2.059226457297e+01
 120   2.059226457297e+01    2.105057103405e+01
 121   2.105057103405e+01    2.151907767546e+01
 122   2.151907767546e+01    2.199801151492e+01
 123   2.199801151492e+01    2.248760462268e+01
 124   2.248760462268e+01    2.298809423402e+01
 125   2.298809423402e+01    2.349972286418e+01
 126   2.349972286418e+01    2.402273842587e+01
 127   2.402273842587e+01    2.455739434943e+01
 128   2.455739434943e+01    2.510394970557e+01
 129   2.510394970557e+01    2.566266933099e+01
 130   2.566266933099e+01    2.623382395661e+01
 131   2.623382395661e+01    2.681769033883e+01
 132   2.681769033883e+01    2.741455139362e+01
 133   2.741455139362e+01    2.802469633356e+01
 134   2.802469633356e+01    2.864842080806e+01
 135   2.864842080806e+01    2.928602704653e+01
 136   2.928602704653e+01    2.993782400490e+01
 137   2.993782400490e+01    3.060412751530e+01
 138   3.060412751530e+01    3.128526043908e+01
 139   3.128526043908e+01    3.198155282329e+01
 140   3.198155282329e+01    3.269334206056e+01
 141   3.269334206056e+01    3.342097305265e+01
 142   3.342097305265e+01    3.416479837751e+01
 143   3.416479837751e+01    3.492517846015e+01
 144   3.492517846015e+01    3.570248174731e+01
 145   3.570248174731e+01    3.649708488594e+01
 146   3.649708488594e+01    3.730937290576e+01
 147   3.730937290576e+01    3.813973940581e+01
 148   3.813973940581e+01    3.898858674513e+01
 149   3.898858674513e+01    3.985632623781e+01
 150   3.985632623781e+01    4.074337835220e+01
 151   4.074337835220e+01    4.165017291473e+01
 152   4.165017291473e+01    4.257714931813e+01
 153   4.257714931813e+01    4.352475673438e+01
 154   4.352475673438e+01    4.449345433233e+01
 155   4.449345433233e+01    4.548371150020e+01
 156   4.548371150020e+01    4.649600807305e+01
 157   4.649600807305e+01    4.753083456523e+01
 158   4.753083456523e+01    4.858869240813e+01
 159   4.858869240813e+01    4.967009419311e+01
 160   4.967009419311e+01    5.077556391987e+01
 161   5.077556391987e+01    5.190563725041e+01
 162   5.190563725041e+01    5.306086176853e+01
 163   5.306086176853e+01    5.424179724518e+01
 164   5.424179724518e+01    5.544901590973e+01
 165   5.544901590973e+01    5.668310272722e+01
 166   5.668310272722e+01    5.794465568181e+01
 167   5.794465568181e+01    5.923428606655e+01
 168   5.923428606655e+01    6.055261877956e+01
 169   6.055261877956e+01    6.190029262687e+01
 170   6.190029262687e+01    6.327796063190e+01
 171   6.327796063190e+01    6.468629035196e+01
 172   6.468629035196e+01    6.612596420164e+01
 173   6.612596420164e+01    6.759767978353e+01
 174   6.759767978353e+01    6.910215022625e+01
 175   6.910215022625e+01    7.064010452995e+01
 176   7.064010452995e+01    7.221228791962e+01
 177   7.221228791962e+01    7.381946220613e+01
 178   7.381946220613e+01    7.546240615541e+01
 179   7.546240615541e+01    7.714191586581e+01
 180   7.714191586581e+01    7.885880515382e+01
 181   7.885880515382e+01    8.061390594843e+01
 182   8.061390594843e+01    8.240806869424e+01
 183   8.240806869424e+01    8.424216276358e+01
 184   8.424216276358e+01    8.611707687770e+01
 185   8.611707687770e+01    8.803371953748e+01
 186   8.803371953748e+01    8.999301946361e+01
 187   8.999301946361e+01    9.199592604661e+01
 188   9.199592604661e+01    9.404340980686e+01
 189   9.404340980686e+01    9.613646286488e+01
 190   9.613646286488e+01    9.827609942209e+01
 191   9.827609942209e+01    1.004633562522e+02
 192   1.004633562522e+02    1.026992932036e+02
 193   1.026992932036e+02    1.049849937130e+02
 194   1.049849937130e+02    1.073215653301e+02
 195   1.073215653301e+02    1.097101402549e+02
 196   1.097101402549e+02    1.121518758856e+02
 197   1.121518758856e+02    1.146479553799e+02
 198   1.146479553799e+02    1.171995882279e+02
 199   1.171995882279e+02    1.198080108387e+02
 200   1.198080108387e+02    1.224744871392e+02
 201   1.224744871392e+02    1.252003091863e+02
 202   1.252003091863e+02    1.279867977935e+02
 203   1.279867977935e+02    1.308353031705e+02
 204   1.308353031705e+02    1.337472055777e+02
 205   1.337472055777e+02    1.367239159949e+02
 206   1.367239159949e+02    1.397668768048e+02
 207   1.397668768048e+02    1.428775624925e+02
 208   1.428775624925e+02    1.460574803593e+02
 209   1.460574803593e+02    1.493081712535e+02
 210   1.493081712535e+02    1.526312103167e+02
 211   1.526312103167e+02    1.560282077476e+02
 212   1.560282077476e+02    1.595008095815e+02
 213   1.595008095815e+02    1.630506984885e+02
 214   1.630506984885e+02    1.666795945886e+02
 215   1.666795945886e+02    1.703892562851e+02
 216   1.703892562851e+02    1.741814811167e+02
 217   1.741814811167e+02    1.780581066288e+02
 218   1.780581066288e+02    1.820210112635e+02
 219   1.820210112635e+02    1.860721152700e+02
 220   1.860721152700e+02    1.902133816350e+02
 221   1.902133816350e+02    1.944468170338e+02
 222   1.944468170338e+02    1.987744728032e+02
 223   1.987744728032e+02    2.031984459344e+02
 224   2.031984459344e+02    2.077208800903e+02
 225   2.077208800903e+02    2.123439666435e+02
 226   2.123439666435e+02    2.170699457381e+02
 227   2.170699457381e+02    2.219011073758e+02
 228   2.219011073758e+02    2.268397925248e+02
 229   2.268397925248e+02    2.318883942546e+02
 230   2.318883942546e+02    2.370493588954e+02
 231   2.370493588954e+02    2.423251872236e+02
 232   2.423251872236e+02    2.477184356734e+02
 233   2.477184356734e+02    2.532317175757e+02
 234   2.532317175757e+02    2.588677044242e+02
 235   2.588677044242e+02    2.646291271702e+02
 236   2.646291271702e+02    2.705187775455e+02
 237   2.705187775455e+02    2.765395094156e+02
 238   2.765395094156e+02    2.826942401621e+02
 239   2.826942401621e+02    2.889859520968e+02
 240   2.889859520968e+02    2.954176939063e+02
 241   2.954176939063e+02    3.019925821297e+02
 242   3.019925821297e+02    3.087138026684e+02
 243   3.087138026684e+02    3.155846123302e+02
 244   3.155846123302e+02    3.226083404071e+02
 245   3.226083404071e+02    3.297883902885e+02
 246   3.297883902885e+02    3.371282411108e+02
 247   3.371282411108e+02    3.446314494425e+02
 248   3.446314494425e+02    3.523016510082e+02
 249   3.523016510082e+02    3.601425624501e+02
 250   3.601425624501e+02    3.681579831288e+02
 251   3.681579831288e+02    3.763517969644e+02
 252   3.763517969644e+02    3.847279743186e+02
 253   3.847279743186e+02    3.932905739182e+02
 254   3.932905739182e+02    4.020437448222e+02
 255   4.020437448222e+02    4.109917284320e+02
 256   4.109917284320e+02    4.201388605466e+02
 257   4.201388605466e+02    4.294895734639e+02
 258   4.294895734639e+02    4.390483981277e+02
 259   4.390483981277e+02    4.488199663238e+02
 260   4.488199663238e+02    4.588090129242e+02
 261   4.588090129242e+02    4.690203781812e+02
 262   4.690203781812e+02    4.794590100731e+02
 263   4.794590100731e+02    4.901299667014e+02
 264   4.901299667014e+02    5.010384187423e+02
 265   5.010384187423e+02    5.121896519514e+02
 266   5.121896519514e+02    5.235890697257e+02
 267   5.235890697257e+02    5.352421957213e+02
 268   5.352421957213e+02    5.471546765303e+02
 269   5.471546765303e+02    5.593322844167e+02
 270   5.593322844167e+02    5.717809201133e+02
 271   5.717809201133e+02    5.845066156812e+02
 272   5.845066156812e+02    5.975155374323e+02
 273   5.975155374323e+02    6.108139889178e+02
 274   6.108139889178e+02    6.244084139819e+02
 275   6.244084139819e+02    6.383053998847e+02
 276   6.383053998847e+02    6.525116804942e+02
 277   6.525116804942e+02    6.670341395486e+02
 278   6.670341395486e+02    6.818798139925e+02
 279   6.818798139925e+02    6.970558973865e+02
 280   6.970558973865e+02    7.125697433927e+02
 281   7.125697433927e+02    7.284288693382e+02
 282   7.284288693382e+02    7.446409598574e+02
 283   7.446409598574e+02    7.612138706160e+02
 284   7.612138706160e+02    7.781556321171e+02
 285   7.781556321171e+02    7.954744535930e+02
 286   7.954744535930e+02    8.131787269822e+02
 287   8.131787269822e+02    8.312770309966e+02
 288   8.312770309966e+02    8.497781352778e+02
 289   8.497781352778e+02    8.686910046467e+02
 290   8.686910046467e+02    8.880248034476e+02
 291   8.880248034476e+02    9.077888999886e+02
 292   9.077888999886e+02    9.279928710809e+02
 293   9.279928710809e+02    9.486465066800e+02
 294   9.486465066800e+02    9.697598146286e+02
 295   9.697598146286e+02    9.913430255068e+02
 296   9.913430255068e+02    1.013406597589e+03
 297   1.013406597589e+03    1.035961221910e+03
 298   1.035961221910e+03    1.059017827450e+03
 299   1.059017827450e+03    1.082587586424e+03
 300   1.082587586424e+03    1.106681919700e+03
 301   1.106681919700e+03    1.131312502333e+03
 302   1.131312502333e+03    1.156491269218e+03
 303   1.156491269218e+03    1.182230420878e+03
 304   1.182230420878e+03    1.208542429372e+03
 305   1.208542429372e+03    1.235440044343e+03
 306   1.235440044343e+03    1.262936299191e+03
 307   1.262936299191e+03    1.291044517391e+03
 308   1.291044517391e+03    1.319778318949e+03
 309   1.319778318949e+03    1.349151626999e+03
 310   1.349151626999e+03    1.379178674556e+03
 311   1.379178674556e+03    1.409874011404e+03
 312   1.409874011404e+03    1.441252511153e+03
 313   1.441252511153e+03    1.473329378442e+03
 314   1.473329378442e+03    1.506120156311e+03
 315   1.506120156311e+03    1.539640733728e+03
 316   1.539640733728e+03    1.573907353288e+03
 317   1.573907353288e+03    1.608936619088e+03
 318   1.608936619088e+03    1.644745504768e+03
 319   1.644745504768e+03    1.681351361739e+03
 320   1.681351361739e+03    1.718771927588e+03
 321   1.718771927588e+03    1.757025334673e+03
 322   1.757025334673e+03    1.796130118914e+03
 323   1.796130118914e+03    1.836105228768e+03
 324   1.836105228768e+03    1.876970034412e+03
 325   1.876970034412e+03    1.918744337135e+03
 326   1.918744337135e+03    1.961448378925e+03
 327   1.961448378925e+03    2.005102852280e+03
 328   2.005102852280e+03    2.049728910238e+03
 329   2.049728910238e+03    2.095348176623e+03
 330   2.095348176623e+03    2.141982756523e+03
 331   2.141982756523e+03    2.189655247004e+03
 332   2.189655247004e+03    2.238388748056e+03
 333   2.238388748056e+03    2.288206873789e+03
 334   2.288206873789e+03    2.339133763876e+03
 335   2.339133763876e+03    2.391194095245e+03
 336   2.391194095245e+03    2.444413094042e+03
 337   2.444413094042e+03    2.498816547852e+03
 338   2.498816547852e+03    2.554430818194e+03
 339   2.554430818194e+03    2.611282853297e+03
 340   2.611282853297e+03    2.669400201155e+03
 341   2.669400201155e+03    2.728811022877e+03
 342   2.728811022877e+03    2.789544106332e+03
 343   2.789544106332e+03    2.851628880100e+03
 344   2.851628880100e+03    2.915095427731e+03
 345   2.915095427731e+03    2.979974502320e+03
 346   2.979974502320e+03    3.046297541411e+03
 347   3.046297541411e+03    3.114096682232e+03
 348   3.114096682232e+03    3.183404777261e+03
 349   3.183404777261e+03    3.254255410151e+03
 350   3.254255410151e+03    3.326682912002e+03
 351   3.326682912002e+03    3.400722377992e+03
 352   3.400722377992e+03    3.476409684390e+03
 353   3.476409684390e+03    3.553781505933e+03
 354   3.553781505933e+03    3.632875333601e+03
 355   3.632875333601e+03    3.713729492782e+03
 356   3.713729492782e+03    3.796383161843e+03
 357   3.796383161843e+03    3.880876391115e+03
 358   3.880876391115e+03    3.967250122299e+03
 359   3.967250122299e+03    4.055546208303e+03
 360   4.055546208303e+03    4.145807433526e+03
 361   4.145807433526e+03    4.238077534584e+03
 362   4.238077534584e+03    4.332401221508e+03
 363   4.332401221508e+03    4.428824199406e+03
 364   4.428824199406e+03    4.527393190610e+03
 365   4.527393190610e+03    4.628155957315e+03
 366   4.628155957315e+03    4.731161324723e+03
 367   4.731161324723e+03    4.836459204703e+03
 368   4.836459204703e+03    4.944100619973e+03
 369   4.944100619973e+03    5.054137728826e+03
 370   5.054137728826e+03    5.166623850403e+03
 371   5.166623850403e+03    5.281613490527e+03
 372   5.281613490527e+03    5.399162368119e+03
 373   5.399162368119e+03    5.519327442190e+03
 374   5.519327442190e+03    5.642166939449e+03
 375   5.642166939449e+03    5.767740382508e+03
 376   5.767740382508e+03    5.896108618734e+03
 377   5.896108618734e+03    6.027333849723e+03
 378   6.027333849723e+03    6.161479661448e+03
 379   6.161479661448e+03    6.298611055065e+03
 380   6.298611055065e+03    6.438794478414e+03
 381   6.438794478414e+03    6.582097858212e+03
 382   6.582097858212e+03    6.728590632971e+03
 383   6.728590632971e+03    6.878343786642e+03
 384   6.878343786642e+03    7.031429883013e+03
 385   7.031429883013e+03    7.187923100871e+03
 386   7.187923100871e+03    7.347899269940e+03
 387   7.347899269940e+03    7.511435907634e+03
 388   7.511435907634e+03    7.678612256608e+03
 389   7.678612256608e+03    7.849509323166e+03
 390   7.849509323166e+03    8.024209916505e+03
 391   8.024209916505e+03    8.202798688845e+03
 392   8.202798688845e+03    8.385362176444e+03
 393   8.385362176444e+03    8.571988841535e+03
 394   8.571988841535e+03    8.762769115188e+03
 395   8.762769115188e+03    8.957795441126e+03
 396   8.957795441126e+03    9.157162320525e+03
 397   9.157162320525e+03    9.360966357801e+03
 398   9.360966357801e+03    9.569306307421e+03
 399   9.569306307421e+03    9.782283121757e+03
 400   9.782283121757e+03    1.000000000000e+04
200 
 1   4.000000000000e-02    7.960000000000e-02
 2   7.960000000000e-02    1.192000000000e-01
 3   1.192000000000e-01    1.588000000000e-01
 4   1.588000000000e-01    1.984000000000e-01
 5   1.984000000000e-01    2.380000000000e-01
 6   2.380000000000e-01    2.776000000000e-01
 7   2.776000000000e-01    3.172000000000e-01
 8   3.172000000000e-01    3.568000000000e-01
 9   3.568000000000e-01    3.964000000000e-01
 10   3.964000000000e-01    4.360000000000e-01
 11   4.360000000000e-01    4.486055555556e-01
 12   4.486055555556e-01    4.612111111111e-01
 13   4.612111111111e-01    4.738166666667e-01
 14   4.738166666667e-01    4.864222222222e-01
 15   4.864222222222e-01    4.990277777778e-01
 16   4.990277777778e-01    5.116333333333e-01
 17   5.116333333333e-01    5.242388888889e-01
 18   5.242388888889e-01    5.368444444444e-01
 19   5.368444444444e-01    5.494500000000e-01
 20   5.494500000000e-01    5.620555555556e-01
 21   5.620555555556e-01    5.746611111111e-01
 22   5.746611111111e-01    5.872666666667e-01
 23   5.872666666667e-01    5.998722222222e-01
 24   5.998722222222e-01    6.124777777778e-01
 25   6.124777777778e-01    6.250833333333e-01
 26   6.250833333333e-01    6.376888888889e-01
 27   6.376888888889e-01    6.502944444444e-01
 28   6.502944444444e-01    6.629000000000e-01
 29   6.629000000000e-01    6.755055555556e-01
 30   6.755055555556e-01    6.881111111111e-01
 31   6.881111111111e-01    7.007166666667e-01
 32   7.007166666667e-01    7.133222222222e-01
 33   7.133222222222e-01    7.259277777778e-01
 34   7.259277777778e-01    7.385333333333e-01
 35   7.385333333333e-01    7.511388888889e-01
 36   7.511388888889e-01    7.637444444444e-01
 37   7.637444444444e-01    7.763500000000e-01
 38   7.763500000000e-01    7.889555555556e-01
 39   7.889555555556e-01    8.015611111111e-01
 40   8.015611111111e-01    8.141666666667e-01
 41   8.141666666667e-01    8.267722222222e-01
 42   8.267722222222e-01    8.393777777778e-01
 43   8.393777777778e-01    8.519833333333e-01
 44   8.519833333333e-01    8.645888888889e-01
 45   8.645888888889e-01    8.771944444444e-01
 46   8.771944444444e-01    8.898000000000e-01
 47   8.898000000000e-01    9.024055555556e-01
 48   9.024055555556e-01    9.150111111111e-01
 49   9.150111111111e-01    9.276166666667e-01
 50   9.276166666667e-01    9.402222222222e-01
 51   9.402222222222e-01    9.528277777778e-01
 52   9.528277777778e-01    9.654333333333e-01
 53   9.654333333333e-01    9.780388888889e-01
 54   9.780388888889e-01    9.906444444444e-01
 55   9.906444444444e-01    1.003250000000e+00
 56   1.003250000000e+00    1.015855555556e+00
 57   1.015855555556e+00    1.028461111111e+00
 58   1.028461111111e+00    1.041066666667e+00
 59   1.041066666667e+00    1.053672222222e+00
 60   1.053672222222e+00    1.066277777778e+00
 61   1.066277777778e+00    1.078883333333e+00
 62   1.078883333333e+00    1.091488888889e+00
 63   1.091488888889e+00    1.104094444444e+00
 64   1.104094444444e+00    1.116700000000e+00
 65   1.116700000000e+00    1.129305555556e+00
 66   1.129305555556e+00    1.141911111111e+00
 67   1.141911111111e+00    1.154516666667e+00
 68   1.154516666667e+00    1.167122222222e+00
 69   1.167122222222e+00    1.179727777778e+00
 70   1.179727777778e+00    1.192333333333e+00
 71   1.192333333333e+00    1.204938888889e+00
 72   1.204938888889e+00    1.217544444444e+00
 73   1.217544444444e+00    1.230150000000e+00
 74   1.230150000000e+00    1.242755555556e+00
 75   1.242755555556e+00    1.255361111111e+00
 76   1.255361111111e+00    1.267966666667e+00
 77   1.267966666667e+00    1.280572222222e+00
 78   1.280572222222e+00    1.293177777778e+00
 79   1.293177777778e+00    1.305783333333e+00
 80   1.305783333333e+00    1.318388888889e+00
 81   1.318388888889e+00    1.330994444444e+00
 82   1.330994444444e+00    1.343600000000e+00
 83   1.343600000000e+00    1.356205555556e+00
 84   1.356205555556e+00    1.368811111111e+00
 85   1.368811111111e+00    1.381416666667e+00
 86   1.381416666667e+00    1.394022222222e+00
 87   1.394022222222e+00    1.406627777778e+00
 88   1.406627777778e+00    1.419233333333e+00
 89   1.419233333333e+00    1.431838888889e+00
 90   1.431838888889e+00    1.444444444444e+00
 91   1.444444444444e+00    1.457050000000e+00
 92   1.457050000000e+00    1.469655555556e+00
 93   1.469655555556e+00    1.482261111111e+00
 94   1.482261111111e+00    1.494866666667e+00
 95   1.494866666667e+00    1.507472222222e+00
 96   1.507472222222e+00    1.520077777778e+00
 97   1.520077777778e+00    1.532683333333e+00
 98   1.532683333333e+00    1.545288888889e+00
 99   1.545288888889e+00    1.557894444444e+00
 100   1.557894444444e+00    1.570500000000e+00
 101   1.570500000000e+00    1.583105555556e+00
 102   1.583105555556e+00    1.595711111111e+00
 103   1.595711111111e+00    1.608316666667e+00
 104   1.608316666667e+00    1.620922222222e+00
 105   1.620922222222e+00    1.633527777778e+00
 106   1.633527777778e+00    1.646133333333e+00
 107   1.646133333333e+00    1.658738888889e+00
 108   1.658738888889e+00    1.671344444444e+00
 109   1.671344444444e+00    1.683950000000e+00
 110   1.683950000000e+00    1.696555555556e+00
 111   1.696555555556e+00    1.709161111111e+00
 112   1.709161111111e+00    1.721766666667e+00
 113   1.721766666667e+00    1.734372222222e+00
 114   1.734372222222e+00    1.746977777778e+00
 115   1.746977777778e+00    1.759583333333e+00
 116   1.759583333333e+00    1.772188888889e+00
 117   1.772188888889e+00    1.784794444444e+00
 118   1.784794444444e+00    1.797400000000e+00
 119   1.797400000000e+00    1.810005555556e+00
 120   1.810005555556e+00    1.822611111111e+00
 121   1.822611111111e+00    1.835216666667e+00
 122   1.835216666667e+00    1.847822222222e+00
 123   1.847822222222e+00    1.860427777778e+00
 124   1.860427777778e+00    1.873033333333e+00
 125   1.873033333333e+00    1.885638888889e+00
 126   1.885638888889e+00    1.898244444444e+00
 127   1.898244444444e+00    1.910850000000e+00
 128   1.910850000000e+00    1.923455555556e+00
 129   1.923455555556e+00    1.936061111111e+00
 130   1.936061111111e+00    1.948666666667e+00
 131   1.948666666667e+00    1.961272222222e+00
 132   1.961272222222e+00    1.973877777778e+00
 133   1.973877777778e+00    1.986483333333e+00
 134   1.986483333333e+00    1.999088888889e+00
 135   1.999088888889e+00    2.011694444444e+00
 136   2.011694444444e+00    2.024300000000e+00
 137   2.024300000000e+00    2.036905555556e+00
 138   2.036905555556e+00    2.049511111111e+00
 139   2.049511111111e+00    2.062116666667e+00
 140   2.062116666667e+00    2.074722222222e+00
 141   2.074722222222e+00    2.087327777778e+00
 142   2.087327777778e+00    2.099933333333e+00
 143   2.099933333333e+00    2.112538888889e+00
 144   2.112538888889e+00    2.125144444444e+00
 145   2.125144444444e+00    2.137750000000e+00
 146   2.137750000000e+00    2.150355555556e+00
 147   2.150355555556e+00    2.162961111111e+00
 148   2.162961111111e+00    2.175566666667e+00
 149   2.175566666667e+00    2.188172222222e+00
 150   2.188172222222e+00    2.200777777778e+00
 151   2.200777777778e+00    2.213383333333e+00
 152   2.213383333333e+00    2.225988888889e+00
 153   2.225988888889e+00    2.238594444444e+00
 154   2.238594444444e+00    2.251200000000e+00
 155   2.251200000000e+00    2.263805555556e+00
 156   2.263805555556e+00    2.276411111111e+00
 157   2.276411111111e+00    2.289016666667e+00
 158   2.289016666667e+00    2.301622222222e+00
 159   2.301622222222e+00    2.314227777778e+00
 160   2.314227777778e+00    2.326833333333e+00
 161   2.326833333333e+00    2.339438888889e+00
 162   2.339438888889e+00    2.352044444444e+00
 163   2.352044444444e+00    2.364650000000e+00
 164   2.364650000000e+00    2.377255555556e+00
 165   2.377255555556e+00    2.389861111111e+00
 166   2.389861111111e+00    2.402466666667e+00
 167   2.402466666667e+00    2.415072222222e+00
 168   2.415072222222e+00    2.427677777778e+00
 169   2.427677777778e+00    2.440283333333e+00
 170   2.440283333333e+00    2.452888888889e+00
 171   2.452888888889e+00    2.465494444444e+00
 172   2.465494444444e+00    2.478100000000e+00
 173   2.478100000000e+00    2.490705555556e+00
 174   2.490705555556e+00    2.503311111111e+00
 175   2.503311111111e+00    2.515916666667e+00
 176   2.515916666667e+00    2.528522222222e+00
 177   2.528522222222e+00    2.541127777778e+00
 178   2.541127777778e+00    2.553733333333e+00
 179   2.553733333333e+00    2.566338888889e+00
 180   2.566338888889e+00    2.578944444444e+00
 181   2.578944444444e+00    2.591550000000e+00
 182   2.591550000000e+00    2.604155555556e+00
 183   2.604155555556e+00    2.616761111111e+00
 184   2.616761111111e+00    2.629366666667e+00
 185   2.629366666667e+00    2.641972222222e+00
 186   2.641972222222e+00    2.654577777778e+00
 187   2.654577777778e+00    2.667183333333e+00
 188   2.667183333333e+00    2.679788888889e+00
 189   2.679788888889e+00    2.692394444444e+00
 190   2.692394444444e+00    2.705000000000e+00
 191   2.705000000000e+00    2.744500000000e+00
 192   2.744500000000e+00    2.784000000000e+00
 193   2.784000000000e+00    2.823500000000e+00
 194   2.823500000000e+00    2.863000000000e+00
 195   2.863000000000e+00    2.902500000000e+00
 196   2.902500000000e+00    2.942000000000e+00
 197   2.942000000000e+00    2.981500000000e+00
 198   2.981500000000e+00    3.021000000000e+00
 199   3.021000000000e+00    3.060500000000e+00
 200   3.060500000000e+00    3.100000000000e+00
1 
 1   0.000000000000e+00    1.000000000000e+00
